<?xml version="1.0" encoding="UTF-8"?>
<!-- Generated by org.testng.reporters.JUnitReportReporter -->
<testsuite skipped="0" hostname="ATMECSBLRLT-104" name="gorest.TestCases.GorestAPITests" tests="27" failures="0" timestamp="2022-05-04T07:55:59 IST" time="20.178" errors="0">
  <testcase name="CreateUser_todo_POST_24" time="0.624" classname="gorest.TestCases.GorestAPITests"/>
  <system-out/>
  <testcase name="GET_UsrDeatailByInvalidId_06" time="0.631" classname="gorest.TestCases.GorestAPITests"/>
  <system-out/>
  <testcase name="DELETE_UserDetails_14" time="0.535" classname="gorest.TestCases.GorestAPITests"/>
  <system-out/>
  <testcase name="CreateUser_todo_POSTWithMissingField_27" time="0.615" classname="gorest.TestCases.GorestAPITests"/>
  <system-out/>
  <testcase name="POST_WIthWrongAuthenticationToken_04" time="0.482" classname="gorest.TestCases.GorestAPITests"/>
  <system-out/>
  <testcase name="CreateUser_todo_POSTWithoutBearerToken_26" time="0.549" classname="gorest.TestCases.GorestAPITests"/>
  <system-out/>
  <testcase name="Create_POSTCommentwithoutBearerToken_22" time="0.568" classname="gorest.TestCases.GorestAPITests"/>
  <system-out/>
  <testcase name="Create_POSTCommentWithMissingFiled_23" time="0.530" classname="gorest.TestCases.GorestAPITests"/>
  <system-out/>
  <testcase name="PUT_UpadateUserDeatils_08" time="0.590" classname="gorest.TestCases.GorestAPITests"/>
  <system-out/>
  <testcase name="DELETE_UserDetailsWithoutBearertoken_15" time="0.471" classname="gorest.TestCases.GorestAPITests"/>
  <system-out/>
  <testcase name="POST_SameEmail_02" time="0.591" classname="gorest.TestCases.GorestAPITests"/>
  <system-out/>
  <testcase name="POST_WithMissingField_03" time="0.571" classname="gorest.TestCases.GorestAPITests"/>
  <system-out/>
  <testcase name="Create_POSTCommentwithInavlidId_21" time="0.636" classname="gorest.TestCases.GorestAPITests"/>
  <system-out/>
  <testcase name="PATCH_UpadateUserDeatils_11" time="0.589" classname="gorest.TestCases.GorestAPITests"/>
  <system-out/>
  <testcase name="POST_CreateNewUser_01" time="0.572" classname="gorest.TestCases.GorestAPITests"/>
  <system-out/>
  <testcase name="PUT_UpdateUserDetailsWithoutBearerToken_10" time="0.512" classname="gorest.TestCases.GorestAPITests"/>
  <system-out/>
  <testcase name="PUT_UpdateUserDetailsWithInvalidId_09" time="0.652" classname="gorest.TestCases.GorestAPITests"/>
  <system-out/>
  <testcase name="CreateUserPost_withMissingFields_19" time="0.754" classname="gorest.TestCases.GorestAPITests"/>
  <system-out/>
  <testcase name="CreateUserPost_WIthInvalidId_18" time="0.747" classname="gorest.TestCases.GorestAPITests"/>
  <system-out/>
  <testcase name="CreateUser_todo_POSTWithInavalidId_25" time="0.643" classname="gorest.TestCases.GorestAPITests"/>
  <system-out/>
  <testcase name="GET_USerDetailsById_05" time="0.523" classname="gorest.TestCases.GorestAPITests"/>
  <system-out/>
  <testcase name="GET_UserDetailsWithoutBearerToken_07" time="0.640" classname="gorest.TestCases.GorestAPITests"/>
  <system-out/>
  <testcase name="CreateUserPost_16" time="4.897" classname="gorest.TestCases.GorestAPITests"/>
  <system-out/>
  <testcase name="Create_POSTComment_20" time="0.621" classname="gorest.TestCases.GorestAPITests"/>
  <system-out/>
  <testcase name="CreateUserPost_withoutBearerToken_17" time="0.565" classname="gorest.TestCases.GorestAPITests"/>
  <system-out/>
  <testcase name="PATCH_UpdateUserDetailsWithoutBearerToken_13" time="0.526" classname="gorest.TestCases.GorestAPITests"/>
  <system-out/>
  <testcase name="PATCH_UpdateUserDetailsWithInvalidId_12" time="0.544" classname="gorest.TestCases.GorestAPITests"/>
  <system-out/>
</testsuite> <!-- gorest.TestCases.GorestAPITests -->
