<?xml version="1.0" encoding="UTF-8"?>
<!-- Generated by org.testng.reporters.JUnitReportReporter -->
<testsuite skipped="0" hostname="ATMECSBLRLT-104" name="gorest.TestCases.GorestAPITests" tests="1" failures="0" timestamp="2022-04-25T17:33:47 IST" time="3.757" errors="0">
  <testcase name="DELETE_UserDetails" time="3.757" classname="gorest.TestCases.GorestAPITests"/>
  <system-out/>
</testsuite> <!-- gorest.TestCases.GorestAPITests -->
